2016-07-20 16:23:50,179 INFO RPC interface 'supervisor' initialized
2016-07-20 16:23:50,180 CRIT Server 'unix_http_server' running without any HTTP authentication checking
2016-07-20 16:23:50,180 INFO daemonizing the supervisord process
2016-07-20 16:23:50,181 INFO supervisord started with pid 32163
2016-07-20 16:23:51,183 INFO spawned: 'tasker' with pid 32262
2016-07-20 16:23:51,187 INFO exited: tasker (exit status 127; not expected)
2016-07-20 16:23:52,189 INFO spawned: 'tasker' with pid 32271
2016-07-20 16:23:52,192 INFO exited: tasker (exit status 127; not expected)
2016-07-20 16:23:54,721 INFO spawned: 'tasker' with pid 32383
2016-07-20 16:23:54,724 INFO exited: tasker (exit status 127; not expected)
2016-07-20 16:23:57,729 INFO spawned: 'tasker' with pid 32499
2016-07-20 16:23:57,732 INFO exited: tasker (exit status 127; not expected)
2016-07-20 16:24:01,738 INFO spawned: 'tasker' with pid 32517
2016-07-20 16:24:01,741 INFO exited: tasker (exit status 127; not expected)
2016-07-20 16:24:06,747 INFO spawned: 'tasker' with pid 32534
2016-07-20 16:24:06,750 INFO exited: tasker (exit status 127; not expected)
2016-07-20 16:24:12,758 INFO spawned: 'tasker' with pid 32552
2016-07-20 16:24:12,761 INFO exited: tasker (exit status 127; not expected)
2016-07-20 16:24:18,735 INFO spawned: 'tasker' with pid 32591
2016-07-20 16:24:18,738 INFO exited: tasker (exit status 127; not expected)
2016-07-20 16:24:27,458 INFO spawned: 'tasker' with pid 453
2016-07-20 16:24:27,461 INFO exited: tasker (exit status 127; not expected)
2016-07-20 16:24:36,473 INFO spawned: 'tasker' with pid 523
2016-07-20 16:24:36,476 INFO exited: tasker (exit status 127; not expected)
2016-07-20 16:24:36,508 WARN received SIGTERM indicating exit request
2016-07-20 16:24:53,028 INFO RPC interface 'supervisor' initialized
2016-07-20 16:24:53,029 CRIT Server 'unix_http_server' running without any HTTP authentication checking
2016-07-20 16:24:53,029 INFO daemonizing the supervisord process
2016-07-20 16:24:53,030 INFO supervisord started with pid 713
2016-07-20 16:24:54,032 INFO spawned: 'tasker' with pid 830
2016-07-20 16:24:55,034 INFO success: tasker entered RUNNING state, process has stayed up for > than 1 seconds (startsecs)
2016-07-20 16:27:12,660 INFO waiting for tasker to stop
2016-07-20 16:27:12,670 INFO stopped: tasker (terminated by SIGQUIT (core dumped))
2016-07-20 16:27:13,677 INFO spawned: 'tasker' with pid 2004
2016-07-20 16:27:14,678 INFO success: tasker entered RUNNING state, process has stayed up for > than 1 seconds (startsecs)
2016-07-20 16:36:51,558 INFO waiting for tasker to stop
2016-07-20 16:36:51,568 INFO stopped: tasker (terminated by SIGQUIT (core dumped))
2016-07-20 16:36:52,573 INFO spawned: 'tasker' with pid 4920
2016-07-20 16:36:53,575 INFO success: tasker entered RUNNING state, process has stayed up for > than 1 seconds (startsecs)
2016-07-20 16:41:41,790 INFO waiting for tasker to stop
2016-07-20 16:41:41,801 INFO stopped: tasker (terminated by SIGQUIT (core dumped))
2016-07-20 16:41:42,806 INFO spawned: 'tasker' with pid 6865
2016-07-20 16:41:43,808 INFO success: tasker entered RUNNING state, process has stayed up for > than 1 seconds (startsecs)
2016-07-20 16:43:44,809 INFO waiting for tasker to stop
2016-07-20 16:43:44,821 INFO stopped: tasker (terminated by SIGQUIT (core dumped))
2016-07-20 16:43:44,824 INFO spawned: 'tasker' with pid 8867
2016-07-20 16:43:45,826 INFO success: tasker entered RUNNING state, process has stayed up for > than 1 seconds (startsecs)
2016-07-20 16:44:45,013 INFO waiting for tasker to stop
2016-07-20 16:44:45,024 INFO stopped: tasker (terminated by SIGQUIT (core dumped))
2016-07-20 16:44:45,028 INFO spawned: 'tasker' with pid 9749
2016-07-20 16:44:46,029 INFO success: tasker entered RUNNING state, process has stayed up for > than 1 seconds (startsecs)
2016-07-20 16:45:06,230 INFO waiting for tasker to stop
2016-07-20 16:45:06,240 INFO stopped: tasker (terminated by SIGQUIT (core dumped))
2016-07-20 16:45:06,245 INFO spawned: 'tasker' with pid 10275
2016-07-20 16:45:07,246 INFO success: tasker entered RUNNING state, process has stayed up for > than 1 seconds (startsecs)
2016-07-20 16:55:42,729 INFO waiting for tasker to stop
2016-07-20 16:55:42,741 INFO stopped: tasker (terminated by SIGQUIT (core dumped))
2016-07-20 16:55:42,745 INFO spawned: 'tasker' with pid 13958
2016-07-20 16:55:43,747 INFO success: tasker entered RUNNING state, process has stayed up for > than 1 seconds (startsecs)
2016-07-20 17:03:52,810 INFO waiting for tasker to stop
2016-07-20 17:03:52,820 INFO stopped: tasker (terminated by SIGQUIT (core dumped))
2016-07-20 17:03:53,826 INFO spawned: 'tasker' with pid 18947
2016-07-20 17:03:54,827 INFO success: tasker entered RUNNING state, process has stayed up for > than 1 seconds (startsecs)
2016-07-20 17:05:17,991 INFO waiting for tasker to stop
2016-07-20 17:05:18,002 INFO stopped: tasker (terminated by SIGQUIT (core dumped))
2016-07-20 17:05:19,007 INFO spawned: 'tasker' with pid 19924
2016-07-20 17:05:20,052 INFO success: tasker entered RUNNING state, process has stayed up for > than 1 seconds (startsecs)
2016-07-20 17:06:34,429 INFO waiting for tasker to stop
2016-07-20 17:06:34,440 INFO stopped: tasker (terminated by SIGQUIT (core dumped))
2016-07-20 17:06:35,445 INFO spawned: 'tasker' with pid 20881
2016-07-20 17:06:36,489 INFO success: tasker entered RUNNING state, process has stayed up for > than 1 seconds (startsecs)
2016-07-20 17:11:24,208 INFO waiting for tasker to stop
2016-07-20 17:11:24,216 INFO stopped: tasker (terminated by SIGQUIT (core dumped))
2016-07-20 17:11:25,222 INFO spawned: 'tasker' with pid 24360
2016-07-20 17:11:25,270 INFO exited: tasker (exit status 1; not expected)
2016-07-20 17:11:26,272 INFO spawned: 'tasker' with pid 24368
2016-07-20 17:11:26,320 INFO exited: tasker (exit status 1; not expected)
2016-07-20 17:11:28,325 INFO spawned: 'tasker' with pid 24483
2016-07-20 17:11:28,373 INFO exited: tasker (exit status 1; not expected)
2016-07-20 17:11:31,377 INFO spawned: 'tasker' with pid 24500
2016-07-20 17:11:31,423 INFO exited: tasker (exit status 1; not expected)
2016-07-20 17:11:36,125 INFO spawned: 'tasker' with pid 24631
2016-07-20 17:11:36,172 INFO exited: tasker (exit status 1; not expected)
2016-07-20 17:11:41,179 INFO spawned: 'tasker' with pid 24856
2016-07-20 17:11:41,229 INFO exited: tasker (exit status 1; not expected)
2016-07-20 17:11:47,237 INFO spawned: 'tasker' with pid 24902
2016-07-20 17:11:48,239 INFO success: tasker entered RUNNING state, process has stayed up for > than 1 seconds (startsecs)
2016-07-20 17:12:11,478 INFO waiting for tasker to stop
2016-07-20 17:12:11,489 INFO stopped: tasker (terminated by SIGQUIT (core dumped))
2016-07-20 17:12:12,494 INFO spawned: 'tasker' with pid 25108
2016-07-20 17:12:13,496 INFO success: tasker entered RUNNING state, process has stayed up for > than 1 seconds (startsecs)
2016-07-20 17:13:07,237 INFO waiting for tasker to stop
2016-07-20 17:13:07,247 INFO stopped: tasker (terminated by SIGQUIT (core dumped))
2016-07-20 17:13:08,252 INFO spawned: 'tasker' with pid 25729
2016-07-20 17:13:09,254 INFO success: tasker entered RUNNING state, process has stayed up for > than 1 seconds (startsecs)
2016-07-20 17:14:50,371 INFO waiting for tasker to stop
2016-07-20 17:14:50,383 INFO stopped: tasker (terminated by SIGQUIT (core dumped))
2016-07-20 17:14:51,389 INFO spawned: 'tasker' with pid 28362
2016-07-20 17:14:52,391 INFO success: tasker entered RUNNING state, process has stayed up for > than 1 seconds (startsecs)
2016-07-20 17:15:18,496 INFO waiting for tasker to stop
2016-07-20 17:15:18,505 INFO stopped: tasker (terminated by SIGQUIT (core dumped))
2016-07-20 17:15:19,510 INFO spawned: 'tasker' with pid 29139
2016-07-20 17:15:20,512 INFO success: tasker entered RUNNING state, process has stayed up for > than 1 seconds (startsecs)
2016-07-20 17:17:02,401 INFO waiting for tasker to stop
2016-07-20 17:17:02,410 INFO stopped: tasker (terminated by SIGQUIT (core dumped))
2016-07-20 17:17:08,529 WARN received SIGTERM indicating exit request
2016-07-20 17:17:38,863 INFO RPC interface 'supervisor' initialized
2016-07-20 17:17:38,863 CRIT Server 'unix_http_server' running without any HTTP authentication checking
2016-07-20 17:17:38,863 INFO daemonizing the supervisord process
2016-07-20 17:17:38,864 INFO supervisord started with pid 31347
2016-07-20 17:17:39,866 INFO spawned: 'tasker' with pid 31460
2016-07-20 17:17:40,868 INFO success: tasker entered RUNNING state, process has stayed up for > than 1 seconds (startsecs)
2016-07-20 17:18:24,464 INFO waiting for tasker to stop
2016-07-20 17:18:24,475 INFO stopped: tasker (terminated by SIGQUIT (core dumped))
2016-07-20 17:18:25,480 INFO spawned: 'tasker' with pid 732
2016-07-20 17:18:26,482 INFO success: tasker entered RUNNING state, process has stayed up for > than 1 seconds (startsecs)
2016-07-20 17:20:13,049 INFO exited: tasker (terminated by SIGHUP; not expected)
2016-07-20 17:20:14,051 INFO spawned: 'tasker' with pid 2334
2016-07-20 17:20:15,053 INFO success: tasker entered RUNNING state, process has stayed up for > than 1 seconds (startsecs)
2016-07-20 17:21:53,561 INFO waiting for tasker to stop
2016-07-20 17:21:53,571 INFO stopped: tasker (terminated by SIGQUIT (core dumped))
2016-07-20 17:21:54,576 INFO spawned: 'tasker' with pid 4547
2016-07-20 17:21:55,577 INFO success: tasker entered RUNNING state, process has stayed up for > than 1 seconds (startsecs)
2016-07-20 17:22:06,615 WARN received SIGTERM indicating exit request
2016-07-20 17:22:06,615 INFO waiting for tasker to die
2016-07-20 17:22:06,627 INFO stopped: tasker (terminated by SIGQUIT (core dumped))
2016-07-20 17:22:20,785 INFO RPC interface 'supervisor' initialized
2016-07-20 17:22:20,785 CRIT Server 'unix_http_server' running without any HTTP authentication checking
2016-07-20 17:22:20,786 INFO daemonizing the supervisord process
2016-07-20 17:22:20,786 INFO supervisord started with pid 5998
2016-07-20 17:22:21,788 INFO spawned: 'tasker' with pid 6142
2016-07-20 17:22:22,790 INFO success: tasker entered RUNNING state, process has stayed up for > than 1 seconds (startsecs)
2016-07-20 17:26:33,263 INFO waiting for tasker to stop
2016-07-20 17:26:33,265 INFO stopped: tasker (terminated by SIGHUP)
2016-07-20 17:26:33,268 INFO spawned: 'tasker' with pid 8452
2016-07-20 17:26:33,312 INFO exited: tasker (exit status 1; not expected)
2016-07-20 17:26:34,315 INFO spawned: 'tasker' with pid 8461
2016-07-20 17:26:34,358 INFO exited: tasker (exit status 1; not expected)
2016-07-20 17:26:36,366 INFO spawned: 'tasker' with pid 8677
2016-07-20 17:26:36,409 INFO exited: tasker (exit status 1; not expected)
2016-07-20 17:26:39,413 INFO spawned: 'tasker' with pid 8790
2016-07-20 17:26:39,455 INFO exited: tasker (exit status 1; not expected)
2016-07-20 17:26:43,461 INFO spawned: 'tasker' with pid 8811
2016-07-20 17:26:43,506 INFO exited: tasker (exit status 1; not expected)
2016-07-20 17:26:48,513 INFO spawned: 'tasker' with pid 8942
2016-07-20 17:26:48,556 INFO exited: tasker (exit status 1; not expected)
2016-07-20 17:26:54,565 INFO spawned: 'tasker' with pid 9082
2016-07-20 17:26:54,608 INFO exited: tasker (exit status 1; not expected)
2016-07-20 17:27:01,619 INFO spawned: 'tasker' with pid 9129
2016-07-20 17:27:01,678 INFO exited: tasker (exit status 1; not expected)
2016-07-20 17:27:09,689 INFO spawned: 'tasker' with pid 9183
2016-07-20 17:27:10,691 INFO success: tasker entered RUNNING state, process has stayed up for > than 1 seconds (startsecs)
2016-07-20 17:27:13,737 INFO waiting for tasker to stop
2016-07-20 17:27:13,738 INFO stopped: tasker (terminated by SIGHUP)
2016-07-20 17:27:14,742 INFO spawned: 'tasker' with pid 9239
2016-07-20 17:27:15,744 INFO success: tasker entered RUNNING state, process has stayed up for > than 1 seconds (startsecs)
2016-07-20 17:27:51,751 INFO waiting for tasker to stop
2016-07-20 17:27:51,752 INFO stopped: tasker (terminated by SIGHUP)
2016-07-20 17:27:52,758 INFO spawned: 'tasker' with pid 9926
2016-07-20 17:27:53,760 INFO success: tasker entered RUNNING state, process has stayed up for > than 1 seconds (startsecs)
2016-07-20 19:18:09,450 INFO waiting for tasker to stop
2016-07-20 19:18:09,451 INFO stopped: tasker (terminated by SIGHUP)
2016-07-20 19:18:10,456 INFO spawned: 'tasker' with pid 20510
2016-07-20 19:18:11,457 INFO success: tasker entered RUNNING state, process has stayed up for > than 1 seconds (startsecs)
2016-07-21 12:15:33,665 INFO waiting for tasker to stop
2016-07-21 12:15:33,666 INFO stopped: tasker (terminated by SIGHUP)
2016-07-21 12:15:33,669 INFO spawned: 'tasker' with pid 22506
2016-07-21 12:15:33,682 INFO exited: tasker (exit status 1; not expected)
2016-07-21 12:15:34,684 INFO spawned: 'tasker' with pid 22513
2016-07-21 12:15:34,697 INFO exited: tasker (exit status 1; not expected)
2016-07-21 12:15:36,702 INFO spawned: 'tasker' with pid 22629
2016-07-21 12:15:36,714 INFO exited: tasker (exit status 1; not expected)
2016-07-21 12:15:39,718 INFO spawned: 'tasker' with pid 22749
2016-07-21 12:15:39,730 INFO exited: tasker (exit status 1; not expected)
2016-07-21 12:15:43,736 INFO spawned: 'tasker' with pid 22773
2016-07-21 12:15:43,748 INFO exited: tasker (exit status 1; not expected)
2016-07-21 12:15:48,755 INFO spawned: 'tasker' with pid 22804
2016-07-21 12:15:48,767 INFO exited: tasker (exit status 1; not expected)
2016-07-21 12:15:54,776 INFO spawned: 'tasker' with pid 22831
2016-07-21 12:15:54,788 INFO exited: tasker (exit status 1; not expected)
2016-07-21 12:16:01,797 INFO spawned: 'tasker' with pid 22860
2016-07-21 12:16:01,816 INFO exited: tasker (exit status 1; not expected)
2016-07-21 12:16:09,826 INFO spawned: 'tasker' with pid 22915
2016-07-21 12:16:09,844 INFO exited: tasker (exit status 1; not expected)
2016-07-21 12:16:18,854 INFO spawned: 'tasker' with pid 22970
2016-07-21 12:16:18,867 INFO exited: tasker (exit status 1; not expected)
2016-07-21 12:16:28,880 INFO spawned: 'tasker' with pid 23016
2016-07-21 12:16:28,892 INFO exited: tasker (exit status 1; not expected)
2016-07-21 12:16:29,894 INFO gave up: tasker entered FATAL state, too many start retries too quickly
2016-07-21 12:18:15,273 INFO spawned: 'tasker' with pid 23554
2016-07-21 12:18:16,275 INFO success: tasker entered RUNNING state, process has stayed up for > than 1 seconds (startsecs)
2016-07-21 12:18:50,453 INFO waiting for tasker to stop
2016-07-21 12:18:50,455 INFO stopped: tasker (terminated by SIGHUP)
2016-07-21 12:21:11,984 INFO spawned: 'tasker' with pid 24833
2016-07-21 12:21:12,985 INFO success: tasker entered RUNNING state, process has stayed up for > than 1 seconds (startsecs)
2016-07-21 12:22:01,231 INFO waiting for tasker to stop
2016-07-21 12:22:01,232 INFO stopped: tasker (terminated by SIGHUP)
2016-07-21 12:25:21,149 INFO spawned: 'tasker' with pid 26512
2016-07-21 12:25:22,151 INFO success: tasker entered RUNNING state, process has stayed up for > than 1 seconds (startsecs)
2016-07-21 12:25:45,829 INFO waiting for tasker to stop
2016-07-21 12:25:45,831 INFO stopped: tasker (terminated by SIGHUP)
2016-07-21 12:25:53,781 INFO spawned: 'tasker' with pid 26921
2016-07-21 12:25:54,783 INFO success: tasker entered RUNNING state, process has stayed up for > than 1 seconds (startsecs)
2016-07-21 12:26:10,325 INFO waiting for tasker to stop
2016-07-21 12:26:10,327 INFO stopped: tasker (terminated by SIGHUP)
2016-07-21 12:26:36,286 INFO spawned: 'tasker' with pid 27403
2016-07-21 12:26:37,287 INFO success: tasker entered RUNNING state, process has stayed up for > than 1 seconds (startsecs)
2016-07-21 12:27:01,133 INFO waiting for tasker to stop
2016-07-21 12:27:01,135 INFO stopped: tasker (terminated by SIGHUP)
2016-07-21 12:44:15,854 INFO spawned: 'tasker' with pid 32571
2016-07-21 12:44:16,856 INFO success: tasker entered RUNNING state, process has stayed up for > than 1 seconds (startsecs)
2016-07-21 12:44:50,101 INFO waiting for tasker to stop
2016-07-21 12:44:50,102 INFO stopped: tasker (terminated by SIGHUP)
2016-07-21 12:44:51,511 INFO spawned: 'tasker' with pid 557
2016-07-21 12:44:52,512 INFO success: tasker entered RUNNING state, process has stayed up for > than 1 seconds (startsecs)
2016-07-21 12:51:25,418 INFO waiting for tasker to stop
2016-07-21 12:51:25,419 INFO stopped: tasker (terminated by SIGHUP)
2016-07-21 12:51:26,779 INFO spawned: 'tasker' with pid 3500
2016-07-21 12:51:27,781 INFO success: tasker entered RUNNING state, process has stayed up for > than 1 seconds (startsecs)
2016-07-21 12:53:47,020 INFO exited: tasker (exit status 1; not expected)
2016-07-21 12:53:48,022 INFO spawned: 'tasker' with pid 4278
2016-07-21 12:53:48,126 INFO exited: tasker (exit status 1; not expected)
2016-07-21 12:53:49,129 INFO spawned: 'tasker' with pid 4300
2016-07-21 12:53:49,229 INFO exited: tasker (exit status 1; not expected)
2016-07-21 12:53:51,232 INFO spawned: 'tasker' with pid 4425
2016-07-21 12:53:51,331 INFO exited: tasker (exit status 1; not expected)
2016-07-21 12:53:54,690 INFO spawned: 'tasker' with pid 4448
2016-07-21 12:53:54,790 INFO exited: tasker (exit status 1; not expected)
2016-07-21 12:53:58,796 INFO spawned: 'tasker' with pid 4469
2016-07-21 12:53:58,909 INFO exited: tasker (exit status 1; not expected)
2016-07-21 12:54:03,917 INFO spawned: 'tasker' with pid 4605
2016-07-21 12:54:04,051 INFO exited: tasker (exit status 1; not expected)
2016-07-21 12:54:10,060 INFO spawned: 'tasker' with pid 4651
2016-07-21 12:54:10,163 INFO exited: tasker (exit status 1; not expected)
2016-07-21 12:54:17,172 INFO spawned: 'tasker' with pid 4700
2016-07-21 12:54:17,273 INFO exited: tasker (exit status 1; not expected)
2016-07-21 12:54:25,283 INFO spawned: 'tasker' with pid 4737
2016-07-21 12:54:25,381 INFO exited: tasker (exit status 1; not expected)
2016-07-21 12:54:34,393 INFO spawned: 'tasker' with pid 4777
2016-07-21 12:54:34,491 INFO exited: tasker (exit status 1; not expected)
2016-07-21 12:54:44,504 INFO spawned: 'tasker' with pid 4822
2016-07-21 12:54:44,605 INFO exited: tasker (exit status 1; not expected)
2016-07-21 12:54:45,605 INFO gave up: tasker entered FATAL state, too many start retries too quickly
2016-07-21 13:03:02,920 INFO spawned: 'tasker' with pid 6078
2016-07-21 13:03:03,922 INFO success: tasker entered RUNNING state, process has stayed up for > than 1 seconds (startsecs)
2016-07-21 13:08:59,684 INFO waiting for tasker to stop
2016-07-21 13:08:59,686 INFO stopped: tasker (terminated by SIGHUP)
2016-07-21 13:09:00,912 INFO spawned: 'tasker' with pid 8281
2016-07-21 13:09:01,914 INFO success: tasker entered RUNNING state, process has stayed up for > than 1 seconds (startsecs)
2016-07-21 13:10:01,301 INFO waiting for tasker to stop
2016-07-21 13:10:01,303 INFO stopped: tasker (terminated by SIGHUP)
2016-07-21 13:10:02,311 INFO spawned: 'tasker' with pid 8896
2016-07-21 13:10:03,313 INFO success: tasker entered RUNNING state, process has stayed up for > than 1 seconds (startsecs)
2016-07-21 13:12:46,156 INFO waiting for tasker to stop
2016-07-21 13:12:46,157 INFO stopped: tasker (terminated by SIGHUP)
2016-07-21 13:12:47,221 INFO spawned: 'tasker' with pid 10018
2016-07-21 13:12:48,222 INFO success: tasker entered RUNNING state, process has stayed up for > than 1 seconds (startsecs)
2016-07-21 13:14:16,738 INFO waiting for tasker to stop
2016-07-21 13:14:16,739 INFO stopped: tasker (terminated by SIGHUP)
2016-07-21 13:14:17,573 INFO spawned: 'tasker' with pid 10735
2016-07-21 13:14:18,575 INFO success: tasker entered RUNNING state, process has stayed up for > than 1 seconds (startsecs)
2016-07-21 13:14:46,132 INFO waiting for tasker to stop
2016-07-21 13:14:46,133 INFO stopped: tasker (terminated by SIGHUP)
2016-07-21 13:14:46,873 INFO spawned: 'tasker' with pid 11141
2016-07-21 13:14:47,874 INFO success: tasker entered RUNNING state, process has stayed up for > than 1 seconds (startsecs)
2016-07-21 13:15:21,140 INFO waiting for tasker to stop
2016-07-21 13:15:21,142 INFO stopped: tasker (terminated by SIGHUP)
2016-07-21 13:15:22,165 INFO spawned: 'tasker' with pid 11563
2016-07-21 13:15:23,167 INFO success: tasker entered RUNNING state, process has stayed up for > than 1 seconds (startsecs)
2016-07-21 13:15:47,661 INFO waiting for tasker to stop
2016-07-21 13:15:47,663 INFO stopped: tasker (terminated by SIGHUP)
2016-07-21 13:15:48,517 INFO spawned: 'tasker' with pid 11947
2016-07-21 13:15:49,519 INFO success: tasker entered RUNNING state, process has stayed up for > than 1 seconds (startsecs)
2016-07-21 13:16:57,547 INFO waiting for tasker to stop
2016-07-21 13:16:57,548 INFO stopped: tasker (terminated by SIGHUP)
2016-07-21 13:16:58,356 INFO spawned: 'tasker' with pid 12567
2016-07-21 13:16:59,357 INFO success: tasker entered RUNNING state, process has stayed up for > than 1 seconds (startsecs)
2016-07-21 13:19:09,283 INFO waiting for tasker to stop
2016-07-21 13:19:09,284 INFO stopped: tasker (terminated by SIGHUP)
2016-07-21 13:19:10,354 INFO spawned: 'tasker' with pid 13493
2016-07-21 13:19:11,356 INFO success: tasker entered RUNNING state, process has stayed up for > than 1 seconds (startsecs)
2016-07-21 13:20:50,018 INFO waiting for tasker to stop
2016-07-21 13:20:50,020 INFO stopped: tasker (terminated by SIGHUP)
2016-07-21 13:20:50,137 INFO spawned: 'tasker' with pid 14273
2016-07-21 13:20:51,139 INFO success: tasker entered RUNNING state, process has stayed up for > than 1 seconds (startsecs)
2016-07-21 13:23:14,299 INFO waiting for tasker to stop
2016-07-21 13:23:14,300 INFO stopped: tasker (terminated by SIGHUP)
2016-07-21 13:23:14,418 INFO spawned: 'tasker' with pid 15247
2016-07-21 13:23:15,513 INFO success: tasker entered RUNNING state, process has stayed up for > than 1 seconds (startsecs)
2016-07-21 13:23:34,747 INFO waiting for tasker to stop
2016-07-21 13:23:34,748 INFO stopped: tasker (terminated by SIGHUP)
2016-07-21 13:23:34,867 INFO spawned: 'tasker' with pid 15491
2016-07-21 13:23:35,869 INFO success: tasker entered RUNNING state, process has stayed up for > than 1 seconds (startsecs)
2016-07-21 13:25:38,352 INFO waiting for tasker to stop
2016-07-21 13:25:38,353 INFO stopped: tasker (terminated by SIGHUP)
2016-07-21 13:25:38,473 INFO spawned: 'tasker' with pid 16254
2016-07-21 13:25:39,475 INFO success: tasker entered RUNNING state, process has stayed up for > than 1 seconds (startsecs)
2016-07-21 13:28:30,517 INFO waiting for tasker to stop
2016-07-21 13:28:30,518 INFO stopped: tasker (terminated by SIGHUP)
2016-07-21 13:28:30,637 INFO spawned: 'tasker' with pid 17449
2016-07-21 13:28:30,740 INFO exited: tasker (exit status 1; not expected)
2016-07-21 13:28:31,742 INFO spawned: 'tasker' with pid 17454
2016-07-21 13:28:31,852 INFO exited: tasker (exit status 1; not expected)
2016-07-21 13:28:33,857 INFO spawned: 'tasker' with pid 17469
2016-07-21 13:28:33,965 INFO exited: tasker (exit status 1; not expected)
2016-07-21 13:28:36,970 INFO spawned: 'tasker' with pid 17488
2016-07-21 13:28:37,072 INFO exited: tasker (exit status 1; not expected)
2016-07-21 13:28:41,078 INFO spawned: 'tasker' with pid 17517
2016-07-21 13:28:41,178 INFO exited: tasker (exit status 1; not expected)
2016-07-21 13:28:46,185 INFO spawned: 'tasker' with pid 17550
2016-07-21 13:28:46,288 INFO exited: tasker (exit status 1; not expected)
2016-07-21 13:28:52,296 INFO spawned: 'tasker' with pid 17589
2016-07-21 13:28:52,406 INFO exited: tasker (exit status 1; not expected)
2016-07-21 13:28:59,416 INFO spawned: 'tasker' with pid 17627
2016-07-21 13:28:59,518 INFO exited: tasker (exit status 1; not expected)
2016-07-21 13:29:07,529 INFO spawned: 'tasker' with pid 17672
2016-07-21 13:29:07,637 INFO exited: tasker (exit status 1; not expected)
2016-07-21 13:29:16,648 INFO spawned: 'tasker' with pid 17722
2016-07-21 13:29:16,755 INFO exited: tasker (exit status 1; not expected)
2016-07-21 13:29:26,767 INFO spawned: 'tasker' with pid 17791
2016-07-21 13:29:26,873 INFO exited: tasker (exit status 1; not expected)
2016-07-21 13:29:27,875 INFO gave up: tasker entered FATAL state, too many start retries too quickly
2016-07-21 13:29:34,318 INFO spawned: 'tasker' with pid 17960
2016-07-21 13:29:35,320 INFO success: tasker entered RUNNING state, process has stayed up for > than 1 seconds (startsecs)
2016-07-21 13:30:18,888 INFO waiting for tasker to stop
2016-07-21 13:30:18,890 INFO stopped: tasker (terminated by SIGHUP)
2016-07-21 13:30:19,010 INFO spawned: 'tasker' with pid 18366
2016-07-21 13:30:20,012 INFO success: tasker entered RUNNING state, process has stayed up for > than 1 seconds (startsecs)
2016-07-21 13:31:01,782 INFO waiting for tasker to stop
2016-07-21 13:31:01,783 INFO stopped: tasker (terminated by SIGHUP)
2016-07-21 13:31:01,897 INFO spawned: 'tasker' with pid 18738
2016-07-21 13:31:02,899 INFO success: tasker entered RUNNING state, process has stayed up for > than 1 seconds (startsecs)
2016-07-21 13:31:19,022 INFO waiting for tasker to stop
2016-07-21 13:31:19,023 INFO stopped: tasker (terminated by SIGHUP)
2016-07-21 13:31:19,140 INFO spawned: 'tasker' with pid 18979
2016-07-21 13:31:20,142 INFO success: tasker entered RUNNING state, process has stayed up for > than 1 seconds (startsecs)
2016-07-21 13:31:41,974 INFO waiting for tasker to stop
2016-07-21 13:31:41,975 INFO stopped: tasker (terminated by SIGHUP)
2016-07-21 13:31:42,093 INFO spawned: 'tasker' with pid 19269
2016-07-21 13:31:43,094 INFO success: tasker entered RUNNING state, process has stayed up for > than 1 seconds (startsecs)
2016-07-21 13:31:59,656 INFO waiting for tasker to stop
2016-07-21 13:31:59,657 INFO stopped: tasker (terminated by SIGHUP)
2016-07-21 14:35:51,755 INFO spawned: 'tasker' with pid 27858
2016-07-21 14:35:52,757 INFO success: tasker entered RUNNING state, process has stayed up for > than 1 seconds (startsecs)
2016-07-21 14:36:28,960 INFO waiting for tasker to stop
2016-07-21 14:36:28,962 INFO stopped: tasker (terminated by SIGHUP)
2016-07-21 14:36:29,082 INFO spawned: 'tasker' with pid 28198
2016-07-21 14:36:30,083 INFO success: tasker entered RUNNING state, process has stayed up for > than 1 seconds (startsecs)
2016-07-21 14:38:43,053 INFO waiting for tasker to stop
2016-07-21 14:38:43,054 INFO stopped: tasker (terminated by SIGHUP)
2016-07-21 14:38:43,172 INFO spawned: 'tasker' with pid 29013
2016-07-21 14:38:44,174 INFO success: tasker entered RUNNING state, process has stayed up for > than 1 seconds (startsecs)
2016-07-21 14:43:21,493 INFO waiting for tasker to stop
2016-07-21 14:43:21,494 INFO stopped: tasker (terminated by SIGHUP)
2016-07-21 14:43:21,614 INFO spawned: 'tasker' with pid 30607
2016-07-21 14:43:22,615 INFO success: tasker entered RUNNING state, process has stayed up for > than 1 seconds (startsecs)
2016-07-21 14:43:39,660 INFO waiting for tasker to stop
2016-07-21 14:43:39,661 INFO stopped: tasker (terminated by SIGHUP)
2016-07-21 14:48:35,847 INFO spawned: 'tasker' with pid 32408
2016-07-21 14:48:36,849 INFO success: tasker entered RUNNING state, process has stayed up for > than 1 seconds (startsecs)
2016-07-21 14:51:37,068 INFO waiting for tasker to stop
2016-07-21 14:51:37,069 INFO stopped: tasker (terminated by SIGHUP)
2016-07-21 14:51:37,190 INFO spawned: 'tasker' with pid 1146
2016-07-21 14:51:38,192 INFO success: tasker entered RUNNING state, process has stayed up for > than 1 seconds (startsecs)
2016-07-21 14:54:12,045 INFO waiting for tasker to stop
2016-07-21 14:54:12,047 INFO stopped: tasker (terminated by SIGHUP)
2016-07-21 14:54:12,166 INFO spawned: 'tasker' with pid 2071
2016-07-21 14:54:13,168 INFO success: tasker entered RUNNING state, process has stayed up for > than 1 seconds (startsecs)
2016-07-21 14:54:26,350 INFO waiting for tasker to stop
2016-07-21 14:54:26,351 INFO stopped: tasker (terminated by SIGHUP)
2016-07-21 14:54:26,467 INFO spawned: 'tasker' with pid 2269
2016-07-21 14:54:27,469 INFO success: tasker entered RUNNING state, process has stayed up for > than 1 seconds (startsecs)
2016-07-21 14:56:05,701 INFO waiting for tasker to stop
2016-07-21 14:56:05,702 INFO stopped: tasker (terminated by SIGHUP)
2016-07-21 14:56:05,820 INFO spawned: 'tasker' with pid 2970
2016-07-21 14:56:05,925 INFO exited: tasker (exit status 1; not expected)
2016-07-21 14:56:06,928 INFO spawned: 'tasker' with pid 2980
2016-07-21 14:56:07,031 INFO exited: tasker (exit status 1; not expected)
2016-07-21 14:56:09,036 INFO spawned: 'tasker' with pid 2995
2016-07-21 14:56:09,141 INFO exited: tasker (exit status 1; not expected)
2016-07-21 14:56:12,146 INFO spawned: 'tasker' with pid 3010
2016-07-21 14:56:12,250 INFO exited: tasker (exit status 1; not expected)
2016-07-21 14:56:16,254 INFO spawned: 'tasker' with pid 3041
2016-07-21 14:56:16,358 INFO exited: tasker (exit status 1; not expected)
2016-07-21 14:56:21,364 INFO spawned: 'tasker' with pid 3105
2016-07-21 14:56:21,469 INFO exited: tasker (exit status 1; not expected)
2016-07-21 14:56:27,477 INFO spawned: 'tasker' with pid 3137
2016-07-21 14:56:27,584 INFO exited: tasker (exit status 1; not expected)
2016-07-21 14:56:34,594 INFO spawned: 'tasker' with pid 3174
2016-07-21 14:56:34,719 INFO exited: tasker (exit status 1; not expected)
2016-07-21 14:56:42,729 INFO spawned: 'tasker' with pid 3233
2016-07-21 14:56:42,836 INFO exited: tasker (exit status 1; not expected)
2016-07-21 14:56:51,848 INFO spawned: 'tasker' with pid 3275
2016-07-21 14:56:51,951 INFO exited: tasker (exit status 1; not expected)
2016-07-21 14:57:01,962 INFO spawned: 'tasker' with pid 3334
2016-07-21 14:57:02,078 INFO exited: tasker (exit status 1; not expected)
2016-07-21 14:57:03,079 INFO gave up: tasker entered FATAL state, too many start retries too quickly
2016-07-21 14:57:04,259 INFO spawned: 'tasker' with pid 3468
2016-07-21 14:57:04,380 INFO exited: tasker (exit status 1; not expected)
2016-07-21 14:57:05,382 INFO spawned: 'tasker' with pid 3477
2016-07-21 14:57:05,486 INFO exited: tasker (exit status 1; not expected)
2016-07-21 14:57:07,490 INFO spawned: 'tasker' with pid 3496
2016-07-21 14:57:07,598 INFO exited: tasker (exit status 1; not expected)
2016-07-21 14:57:10,603 INFO spawned: 'tasker' with pid 3511
2016-07-21 14:57:10,707 INFO exited: tasker (exit status 1; not expected)
2016-07-21 14:57:14,713 INFO spawned: 'tasker' with pid 3539
2016-07-21 14:57:14,814 INFO exited: tasker (exit status 1; not expected)
2016-07-21 14:57:19,821 INFO spawned: 'tasker' with pid 3580
2016-07-21 14:57:19,927 INFO exited: tasker (exit status 1; not expected)
2016-07-21 14:57:25,935 INFO spawned: 'tasker' with pid 3625
2016-07-21 14:57:26,040 INFO exited: tasker (exit status 1; not expected)
2016-07-21 14:57:33,050 INFO spawned: 'tasker' with pid 3666
2016-07-21 14:57:33,150 INFO exited: tasker (exit status 1; not expected)
2016-07-21 14:57:40,450 INFO spawned: 'tasker' with pid 3836
2016-07-21 14:57:40,552 INFO exited: tasker (exit status 1; not expected)
2016-07-21 14:57:49,564 INFO spawned: 'tasker' with pid 3885
2016-07-21 14:57:49,684 INFO exited: tasker (exit status 1; not expected)
2016-07-21 14:57:59,696 INFO spawned: 'tasker' with pid 3955
2016-07-21 14:57:59,813 INFO exited: tasker (exit status 1; not expected)
2016-07-21 14:58:00,814 INFO gave up: tasker entered FATAL state, too many start retries too quickly
2016-07-21 14:58:58,359 INFO spawned: 'tasker' with pid 4367
2016-07-21 14:58:59,361 INFO success: tasker entered RUNNING state, process has stayed up for > than 1 seconds (startsecs)
2016-07-21 14:59:41,148 INFO waiting for tasker to stop
2016-07-21 14:59:41,149 INFO stopped: tasker (terminated by SIGHUP)
2016-07-21 15:00:15,796 INFO spawned: 'tasker' with pid 5037
2016-07-21 15:00:16,798 INFO success: tasker entered RUNNING state, process has stayed up for > than 1 seconds (startsecs)
2016-07-21 15:32:00,180 INFO waiting for tasker to stop
2016-07-21 15:32:00,181 INFO stopped: tasker (terminated by SIGHUP)
